###############################################################################
#                                                                             #
# Calypsi ISO C compiler for Motorola 68000                     version 3.5.0 #
#                                                       27/Nov/2021  14:10:38 #
# Command line: --core=68000 --code-model=large --data-model=small --debug    #
#               --list-file=obj/main-debug.lst -o obj/main-debug.o            #
#               src/main.c                                                    #
#                                                                             #
###############################################################################

    \ 00000000                      .rtmodel version,"1"
    \ 00000000                      .rtmodel nearDataBase,"A4"
    \ 00000000                      .rtmodel core,"68000"
    \ 00000000                      .rtmodel codeModel,"large"
    \ 00000000                      .rtmodel doubleSize,"32"
    \ 00000000                      .extern printf
0001                    #include <stdio.h>
0002
0003                    int main () {
    \ 00000000                      .section code,text
    \ 00000000                      .public main
    \ 00000000                      .align  2
    \ 00000000          main:
0004                      printf("Hello World!\n");
    \ 00000000 207c....             move.l  #`_StringLiteral_[72,101,108,108,111,32,87,111,114,108,100,33,10]`,a0
    \ 00000004 ....
    \ 00000006 4eb9....             jsr     printf.l
    \ 0000000a ....
0005                      return 0;
    \ 0000000c 7000                 moveq.l #0,d0
0006                    }
    \ 0000000e 4e75                 rts
    \ 00000000                      .section cfar,rodata
    \ 00000000                      .pubweak `_StringLiteral_[72,101,108,108,111,32,87,111,114,108,100,33,10]`
    \ 00000000          `_StringLiteral_[72,101,108,108,111,32,87,111,114,108,100,33,10]`:
    \ 00000000 48656c6c             .byte   72,101,108,108,111,32,87,111,114,108,100,33,10,0
    \ 00000004 6f20576f
    \ 00000008 726c6421
    \ 0000000c 0a00

##########################
#                        #
# Memory sizes (decimal) #
#                        #
##########################

Executable  (Text): 16 bytes
Constant          : 14 bytes
